panic error time:2024-08-10 14:50:03
dial tcp 192.168.72.130:6379: i/o timeout
stacktrace from panic:goroutine 20 [running]:
runtime/debug.Stack()
	D:/go sdk/go/src/runtime/debug/stack.go:24 +0x5e
vote-gin/pkg/logger.Recover.func1()
	D:/GitHubwarehouse/vote-gin/pkg/logger/logger.go:139 +0x28a
panic({0x789320?, 0xc0002b21e0?})
	D:/go sdk/go/src/runtime/panic.go:914 +0x21f
vote-gin/controllers.PlayerController.GetRanking({}, 0xc0002c0198?)
	D:/GitHubwarehouse/vote-gin/controllers/player.go:29 +0x165
github.com/gin-gonic/gin.(*Context).Next(0xc0002c0100)
	D:/goproject/pkg/mod/github.com/gin-gonic/gin@v1.10.0/context.go:185 +0x2b
vote-gin/router.Router.Sessions.func1(0xc0002c0100)
	D:/goproject/pkg/mod/github.com/gin-contrib/sessions@v1.0.1/sessions.go:54 +0x17d
github.com/gin-gonic/gin.(*Context).Next(...)
	D:/goproject/pkg/mod/github.com/gin-gonic/gin@v1.10.0/context.go:185
vote-gin/pkg/logger.Recover(0xc0002c0100)
	D:/GitHubwarehouse/vote-gin/pkg/logger/logger.go:149 +0x62
github.com/gin-gonic/gin.(*Context).Next(...)
	D:/goproject/pkg/mod/github.com/gin-gonic/gin@v1.10.0/context.go:185
github.com/gin-gonic/gin.LoggerWithConfig.func1(0xc0002c0100)
	D:/goproject/pkg/mod/github.com/gin-gonic/gin@v1.10.0/logger.go:249 +0xe6
github.com/gin-gonic/gin.(*Context).Next(...)
	D:/goproject/pkg/mod/github.com/gin-gonic/gin@v1.10.0/context.go:185
github.com/gin-gonic/gin.CustomRecoveryWithWriter.func1(0xc0002c0100)
	D:/goproject/pkg/mod/github.com/gin-gonic/gin@v1.10.0/recovery.go:102 +0x7a
github.com/gin-gonic/gin.(*Context).Next(...)
	D:/goproject/pkg/mod/github.com/gin-gonic/gin@v1.10.0/context.go:185
github.com/gin-gonic/gin.LoggerWithConfig.func1(0xc0002c0100)
	D:/goproject/pkg/mod/github.com/gin-gonic/gin@v1.10.0/logger.go:249 +0xe6
github.com/gin-gonic/gin.(*Context).Next(...)
	D:/goproject/pkg/mod/github.com/gin-gonic/gin@v1.10.0/context.go:185
github.com/gin-gonic/gin.(*Engine).handleHTTPRequest(0xc000084340, 0xc0002c0100)
	D:/goproject/pkg/mod/github.com/gin-gonic/gin@v1.10.0/gin.go:633 +0x892
github.com/gin-gonic/gin.(*Engine).ServeHTTP(0xc000084340, {0x92a460?, 0xc0002e6000}, 0xc0002c0000)
	D:/goproject/pkg/mod/github.com/gin-gonic/gin@v1.10.0/gin.go:589 +0x1dd
net/http.serverHandler.ServeHTTP({0x928d08?}, {0x92a460?, 0xc0002e6000?}, 0x6?)
	D:/go sdk/go/src/net/http/server.go:2938 +0x8e
net/http.(*conn).serve(0xc000092120, {0x92b4e8, 0xc0000944b0})
	D:/go sdk/go/src/net/http/server.go:2009 +0x5f4
created by net/http.(*Server).Serve in goroutine 1
	D:/go sdk/go/src/net/http/server.go:3086 +0x5cb

panic error time:2024-08-10 14:56:40
i/o timeout
stacktrace from panic:goroutine 18 [running]:
runtime/debug.Stack()
	D:/go sdk/go/src/runtime/debug/stack.go:24 +0x5e
vote-gin/pkg/logger.Recover.func1()
	D:/GitHubwarehouse/vote-gin/pkg/logger/logger.go:139 +0x28a
panic({0xbaf200?, 0x1231520?})
	D:/go sdk/go/src/runtime/panic.go:914 +0x21f
vote-gin/controllers.PlayerController.GetRanking({}, 0xc00022ae98?)
	D:/GitHubwarehouse/vote-gin/controllers/player.go:29 +0x165
github.com/gin-gonic/gin.(*Context).Next(0xc00022ae00)
	D:/goproject/pkg/mod/github.com/gin-gonic/gin@v1.10.0/context.go:185 +0x2b
vote-gin/router.Router.Sessions.func1(0xc00022ae00)
	D:/goproject/pkg/mod/github.com/gin-contrib/sessions@v1.0.1/sessions.go:54 +0x17d
github.com/gin-gonic/gin.(*Context).Next(...)
	D:/goproject/pkg/mod/github.com/gin-gonic/gin@v1.10.0/context.go:185
vote-gin/pkg/logger.Recover(0xc00022ae00)
	D:/GitHubwarehouse/vote-gin/pkg/logger/logger.go:149 +0x62
github.com/gin-gonic/gin.(*Context).Next(...)
	D:/goproject/pkg/mod/github.com/gin-gonic/gin@v1.10.0/context.go:185
github.com/gin-gonic/gin.LoggerWithConfig.func1(0xc00022ae00)
	D:/goproject/pkg/mod/github.com/gin-gonic/gin@v1.10.0/logger.go:249 +0xe6
github.com/gin-gonic/gin.(*Context).Next(...)
	D:/goproject/pkg/mod/github.com/gin-gonic/gin@v1.10.0/context.go:185
github.com/gin-gonic/gin.CustomRecoveryWithWriter.func1(0xc00022ae00)
	D:/goproject/pkg/mod/github.com/gin-gonic/gin@v1.10.0/recovery.go:102 +0x7a
github.com/gin-gonic/gin.(*Context).Next(...)
	D:/goproject/pkg/mod/github.com/gin-gonic/gin@v1.10.0/context.go:185
github.com/gin-gonic/gin.LoggerWithConfig.func1(0xc00022ae00)
	D:/goproject/pkg/mod/github.com/gin-gonic/gin@v1.10.0/logger.go:249 +0xe6
github.com/gin-gonic/gin.(*Context).Next(...)
	D:/goproject/pkg/mod/github.com/gin-gonic/gin@v1.10.0/context.go:185
github.com/gin-gonic/gin.(*Engine).handleHTTPRequest(0xc000264820, 0xc00022ae00)
	D:/goproject/pkg/mod/github.com/gin-gonic/gin@v1.10.0/gin.go:633 +0x892
github.com/gin-gonic/gin.(*Engine).ServeHTTP(0xc000264820, {0xd5a460?, 0xc000223180}, 0xc00022ad00)
	D:/goproject/pkg/mod/github.com/gin-gonic/gin@v1.10.0/gin.go:589 +0x1dd
net/http.serverHandler.ServeHTTP({0xd58d08?}, {0xd5a460?, 0xc000223180?}, 0x6?)
	D:/go sdk/go/src/net/http/server.go:2938 +0x8e
net/http.(*conn).serve(0xc0002ca000, {0xd5b4e8, 0xc0002b0360})
	D:/go sdk/go/src/net/http/server.go:2009 +0x5f4
created by net/http.(*Server).Serve in goroutine 1
	D:/go sdk/go/src/net/http/server.go:3086 +0x5cb

panic error time:2024-08-10 15:05:18
i/o timeout
stacktrace from panic:goroutine 18 [running]:
runtime/debug.Stack()
	D:/go sdk/go/src/runtime/debug/stack.go:24 +0x5e
vote-gin/pkg/logger.Recover.func1()
	D:/GitHubwarehouse/vote-gin/pkg/logger/logger.go:139 +0x28a
panic({0xbaf200?, 0x1231520?})
	D:/go sdk/go/src/runtime/panic.go:914 +0x21f
vote-gin/controllers.PlayerController.GetRanking({}, 0xc00022ae98?)
	D:/GitHubwarehouse/vote-gin/controllers/player.go:29 +0x165
github.com/gin-gonic/gin.(*Context).Next(0xc00022ae00)
	D:/goproject/pkg/mod/github.com/gin-gonic/gin@v1.10.0/context.go:185 +0x2b
vote-gin/router.Router.Sessions.func1(0xc00022ae00)
	D:/goproject/pkg/mod/github.com/gin-contrib/sessions@v1.0.1/sessions.go:54 +0x17d
github.com/gin-gonic/gin.(*Context).Next(...)
	D:/goproject/pkg/mod/github.com/gin-gonic/gin@v1.10.0/context.go:185
vote-gin/pkg/logger.Recover(0xc00022ae00)
	D:/GitHubwarehouse/vote-gin/pkg/logger/logger.go:149 +0x62
github.com/gin-gonic/gin.(*Context).Next(...)
	D:/goproject/pkg/mod/github.com/gin-gonic/gin@v1.10.0/context.go:185
github.com/gin-gonic/gin.LoggerWithConfig.func1(0xc00022ae00)
	D:/goproject/pkg/mod/github.com/gin-gonic/gin@v1.10.0/logger.go:249 +0xe6
github.com/gin-gonic/gin.(*Context).Next(...)
	D:/goproject/pkg/mod/github.com/gin-gonic/gin@v1.10.0/context.go:185
github.com/gin-gonic/gin.CustomRecoveryWithWriter.func1(0xc00022ae00)
	D:/goproject/pkg/mod/github.com/gin-gonic/gin@v1.10.0/recovery.go:102 +0x7a
github.com/gin-gonic/gin.(*Context).Next(...)
	D:/goproject/pkg/mod/github.com/gin-gonic/gin@v1.10.0/context.go:185
github.com/gin-gonic/gin.LoggerWithConfig.func1(0xc00022ae00)
	D:/goproject/pkg/mod/github.com/gin-gonic/gin@v1.10.0/logger.go:249 +0xe6
github.com/gin-gonic/gin.(*Context).Next(...)
	D:/goproject/pkg/mod/github.com/gin-gonic/gin@v1.10.0/context.go:185
github.com/gin-gonic/gin.(*Engine).handleHTTPRequest(0xc000264820, 0xc00022ae00)
	D:/goproject/pkg/mod/github.com/gin-gonic/gin@v1.10.0/gin.go:633 +0x892
github.com/gin-gonic/gin.(*Engine).ServeHTTP(0xc000264820, {0xd5a460?, 0xc000223180}, 0xc00022ad00)
	D:/goproject/pkg/mod/github.com/gin-gonic/gin@v1.10.0/gin.go:589 +0x1dd
net/http.serverHandler.ServeHTTP({0xd58d08?}, {0xd5a460?, 0xc000223180?}, 0x6?)
	D:/go sdk/go/src/net/http/server.go:2938 +0x8e
net/http.(*conn).serve(0xc0002ca000, {0xd5b4e8, 0xc0002b0360})
	D:/go sdk/go/src/net/http/server.go:2009 +0x5f4
created by net/http.(*Server).Serve in goroutine 1
	D:/go sdk/go/src/net/http/server.go:3086 +0x5cb

panic error time:2024-08-10 15:06:29
dial tcp 192.168.72.130:6379: i/o timeout
stacktrace from panic:goroutine 7 [running]:
runtime/debug.Stack()
	D:/go sdk/go/src/runtime/debug/stack.go:24 +0x5e
vote-gin/pkg/logger.Recover.func1()
	D:/GitHubwarehouse/vote-gin/pkg/logger/logger.go:139 +0x28a
panic({0xaf9320?, 0xc000204a00?})
	D:/go sdk/go/src/runtime/panic.go:914 +0x21f
vote-gin/controllers.PlayerController.GetRanking({}, 0xc0000ac198?)
	D:/GitHubwarehouse/vote-gin/controllers/player.go:29 +0x165
github.com/gin-gonic/gin.(*Context).Next(0xc0000ac100)
	D:/goproject/pkg/mod/github.com/gin-gonic/gin@v1.10.0/context.go:185 +0x2b
vote-gin/router.Router.Sessions.func1(0xc0000ac100)
	D:/goproject/pkg/mod/github.com/gin-contrib/sessions@v1.0.1/sessions.go:54 +0x17d
github.com/gin-gonic/gin.(*Context).Next(...)
	D:/goproject/pkg/mod/github.com/gin-gonic/gin@v1.10.0/context.go:185
vote-gin/pkg/logger.Recover(0xc0000ac100)
	D:/GitHubwarehouse/vote-gin/pkg/logger/logger.go:149 +0x62
github.com/gin-gonic/gin.(*Context).Next(...)
	D:/goproject/pkg/mod/github.com/gin-gonic/gin@v1.10.0/context.go:185
github.com/gin-gonic/gin.LoggerWithConfig.func1(0xc0000ac100)
	D:/goproject/pkg/mod/github.com/gin-gonic/gin@v1.10.0/logger.go:249 +0xe6
github.com/gin-gonic/gin.(*Context).Next(...)
	D:/goproject/pkg/mod/github.com/gin-gonic/gin@v1.10.0/context.go:185
github.com/gin-gonic/gin.CustomRecoveryWithWriter.func1(0xc0000ac100)
	D:/goproject/pkg/mod/github.com/gin-gonic/gin@v1.10.0/recovery.go:102 +0x7a
github.com/gin-gonic/gin.(*Context).Next(...)
	D:/goproject/pkg/mod/github.com/gin-gonic/gin@v1.10.0/context.go:185
github.com/gin-gonic/gin.LoggerWithConfig.func1(0xc0000ac100)
	D:/goproject/pkg/mod/github.com/gin-gonic/gin@v1.10.0/logger.go:249 +0xe6
github.com/gin-gonic/gin.(*Context).Next(...)
	D:/goproject/pkg/mod/github.com/gin-gonic/gin@v1.10.0/context.go:185
github.com/gin-gonic/gin.(*Engine).handleHTTPRequest(0xc000310340, 0xc0000ac100)
	D:/goproject/pkg/mod/github.com/gin-gonic/gin@v1.10.0/gin.go:633 +0x892
github.com/gin-gonic/gin.(*Engine).ServeHTTP(0xc000310340, {0xc9a460?, 0xc0000ce000}, 0xc0000ac000)
	D:/goproject/pkg/mod/github.com/gin-gonic/gin@v1.10.0/gin.go:589 +0x1dd
net/http.serverHandler.ServeHTTP({0xc98d08?}, {0xc9a460?, 0xc0000ce000?}, 0x6?)
	D:/go sdk/go/src/net/http/server.go:2938 +0x8e
net/http.(*conn).serve(0xc000162360, {0xc9b4e8, 0xc000255dd0})
	D:/go sdk/go/src/net/http/server.go:2009 +0x5f4
created by net/http.(*Server).Serve in goroutine 1
	D:/go sdk/go/src/net/http/server.go:3086 +0x5cb

panic error time:2024-08-10 15:08:36
redis: can't parse map reply: "HTTP/1.1 404 Not Found"
stacktrace from panic:goroutine 19 [running]:
runtime/debug.Stack()
	D:/go sdk/go/src/runtime/debug/stack.go:24 +0x5e
vote-gin/pkg/logger.Recover.func1()
	D:/GitHubwarehouse/vote-gin/pkg/logger/logger.go:139 +0x28a
panic({0x1385380?, 0xc000225260?})
	D:/go sdk/go/src/runtime/panic.go:914 +0x21f
vote-gin/controllers.PlayerController.GetRanking({}, 0xc00022ae98?)
	D:/GitHubwarehouse/vote-gin/controllers/player.go:29 +0x165
github.com/gin-gonic/gin.(*Context).Next(0xc00022ae00)
	D:/goproject/pkg/mod/github.com/gin-gonic/gin@v1.10.0/context.go:185 +0x2b
vote-gin/router.Router.Sessions.func1(0xc00022ae00)
	D:/goproject/pkg/mod/github.com/gin-contrib/sessions@v1.0.1/sessions.go:54 +0x17d
github.com/gin-gonic/gin.(*Context).Next(...)
	D:/goproject/pkg/mod/github.com/gin-gonic/gin@v1.10.0/context.go:185
vote-gin/pkg/logger.Recover(0xc00022ae00)
	D:/GitHubwarehouse/vote-gin/pkg/logger/logger.go:149 +0x62
github.com/gin-gonic/gin.(*Context).Next(...)
	D:/goproject/pkg/mod/github.com/gin-gonic/gin@v1.10.0/context.go:185
github.com/gin-gonic/gin.LoggerWithConfig.func1(0xc00022ae00)
	D:/goproject/pkg/mod/github.com/gin-gonic/gin@v1.10.0/logger.go:249 +0xe6
github.com/gin-gonic/gin.(*Context).Next(...)
	D:/goproject/pkg/mod/github.com/gin-gonic/gin@v1.10.0/context.go:185
github.com/gin-gonic/gin.CustomRecoveryWithWriter.func1(0xc00022ae00)
	D:/goproject/pkg/mod/github.com/gin-gonic/gin@v1.10.0/recovery.go:102 +0x7a
github.com/gin-gonic/gin.(*Context).Next(...)
	D:/goproject/pkg/mod/github.com/gin-gonic/gin@v1.10.0/context.go:185
github.com/gin-gonic/gin.LoggerWithConfig.func1(0xc00022ae00)
	D:/goproject/pkg/mod/github.com/gin-gonic/gin@v1.10.0/logger.go:249 +0xe6
github.com/gin-gonic/gin.(*Context).Next(...)
	D:/goproject/pkg/mod/github.com/gin-gonic/gin@v1.10.0/context.go:185
github.com/gin-gonic/gin.(*Engine).handleHTTPRequest(0xc0002aa000, 0xc00022ae00)
	D:/goproject/pkg/mod/github.com/gin-gonic/gin@v1.10.0/gin.go:633 +0x892
github.com/gin-gonic/gin.(*Engine).ServeHTTP(0xc0002aa000, {0x155a460?, 0xc0002230a0}, 0xc00022ad00)
	D:/goproject/pkg/mod/github.com/gin-gonic/gin@v1.10.0/gin.go:589 +0x1dd
net/http.serverHandler.ServeHTTP({0x1558d08?}, {0x155a460?, 0xc0002230a0?}, 0x6?)
	D:/go sdk/go/src/net/http/server.go:2938 +0x8e
net/http.(*conn).serve(0xc0002c8090, {0x155b4e8, 0xc0002ac4b0})
	D:/go sdk/go/src/net/http/server.go:2009 +0x5f4
created by net/http.(*Server).Serve in goroutine 1
	D:/go sdk/go/src/net/http/server.go:3086 +0x5cb

panic error time:2024-08-10 15:18:34
redis: can't parse map reply: "HTTP/1.1 404 Not Found"
stacktrace from panic:goroutine 19 [running]:
runtime/debug.Stack()
	D:/go sdk/go/src/runtime/debug/stack.go:24 +0x5e
vote-gin/pkg/logger.Recover.func1()
	D:/GitHubwarehouse/vote-gin/pkg/logger/logger.go:139 +0x28a
panic({0x1385380?, 0xc0002b01c0?})
	D:/go sdk/go/src/runtime/panic.go:914 +0x21f
vote-gin/controllers.PlayerController.GetRanking({}, 0xc00022ae98?)
	D:/GitHubwarehouse/vote-gin/controllers/player.go:29 +0x165
github.com/gin-gonic/gin.(*Context).Next(0xc00022ae00)
	D:/goproject/pkg/mod/github.com/gin-gonic/gin@v1.10.0/context.go:185 +0x2b
vote-gin/router.Router.Sessions.func1(0xc00022ae00)
	D:/goproject/pkg/mod/github.com/gin-contrib/sessions@v1.0.1/sessions.go:54 +0x17d
github.com/gin-gonic/gin.(*Context).Next(...)
	D:/goproject/pkg/mod/github.com/gin-gonic/gin@v1.10.0/context.go:185
vote-gin/pkg/logger.Recover(0xc00022ae00)
	D:/GitHubwarehouse/vote-gin/pkg/logger/logger.go:149 +0x62
github.com/gin-gonic/gin.(*Context).Next(...)
	D:/goproject/pkg/mod/github.com/gin-gonic/gin@v1.10.0/context.go:185
github.com/gin-gonic/gin.LoggerWithConfig.func1(0xc00022ae00)
	D:/goproject/pkg/mod/github.com/gin-gonic/gin@v1.10.0/logger.go:249 +0xe6
github.com/gin-gonic/gin.(*Context).Next(...)
	D:/goproject/pkg/mod/github.com/gin-gonic/gin@v1.10.0/context.go:185
github.com/gin-gonic/gin.CustomRecoveryWithWriter.func1(0xc00022ae00)
	D:/goproject/pkg/mod/github.com/gin-gonic/gin@v1.10.0/recovery.go:102 +0x7a
github.com/gin-gonic/gin.(*Context).Next(...)
	D:/goproject/pkg/mod/github.com/gin-gonic/gin@v1.10.0/context.go:185
github.com/gin-gonic/gin.LoggerWithConfig.func1(0xc00022ae00)
	D:/goproject/pkg/mod/github.com/gin-gonic/gin@v1.10.0/logger.go:249 +0xe6
github.com/gin-gonic/gin.(*Context).Next(...)
	D:/goproject/pkg/mod/github.com/gin-gonic/gin@v1.10.0/context.go:185
github.com/gin-gonic/gin.(*Engine).handleHTTPRequest(0xc0002aa000, 0xc00022ae00)
	D:/goproject/pkg/mod/github.com/gin-gonic/gin@v1.10.0/gin.go:633 +0x892
github.com/gin-gonic/gin.(*Engine).ServeHTTP(0xc0002aa000, {0x155a460?, 0xc000223180}, 0xc00022af00)
	D:/goproject/pkg/mod/github.com/gin-gonic/gin@v1.10.0/gin.go:589 +0x1dd
net/http.serverHandler.ServeHTTP({0x1558d08?}, {0x155a460?, 0xc000223180?}, 0x6?)
	D:/go sdk/go/src/net/http/server.go:2938 +0x8e
net/http.(*conn).serve(0xc0002c8090, {0x155b4e8, 0xc0002ac4b0})
	D:/go sdk/go/src/net/http/server.go:2009 +0x5f4
created by net/http.(*Server).Serve in goroutine 1
	D:/go sdk/go/src/net/http/server.go:3086 +0x5cb

panic error time:2024-08-10 16:25:29
i/o timeout
stacktrace from panic:goroutine 9 [running]:
runtime/debug.Stack()
	D:/go sdk/go/src/runtime/debug/stack.go:24 +0x5e
vote-gin/pkg/logger.Recover.func1()
	D:/GitHubwarehouse/vote-gin/pkg/logger/logger.go:139 +0x28a
panic({0x123f200?, 0x18c1520?})
	D:/go sdk/go/src/runtime/panic.go:914 +0x21f
vote-gin/controllers.PlayerController.GetRanking({}, 0xc00024e298?)
	D:/GitHubwarehouse/vote-gin/controllers/player.go:30 +0x646
github.com/gin-gonic/gin.(*Context).Next(0xc00024e200)
	D:/goproject/pkg/mod/github.com/gin-gonic/gin@v1.10.0/context.go:185 +0x2b
vote-gin/router.Router.Sessions.func1(0xc00024e200)
	D:/goproject/pkg/mod/github.com/gin-contrib/sessions@v1.0.1/sessions.go:54 +0x17d
github.com/gin-gonic/gin.(*Context).Next(...)
	D:/goproject/pkg/mod/github.com/gin-gonic/gin@v1.10.0/context.go:185
vote-gin/pkg/logger.Recover(0xc00024e200)
	D:/GitHubwarehouse/vote-gin/pkg/logger/logger.go:149 +0x62
github.com/gin-gonic/gin.(*Context).Next(...)
	D:/goproject/pkg/mod/github.com/gin-gonic/gin@v1.10.0/context.go:185
github.com/gin-gonic/gin.LoggerWithConfig.func1(0xc00024e200)
	D:/goproject/pkg/mod/github.com/gin-gonic/gin@v1.10.0/logger.go:249 +0xe6
github.com/gin-gonic/gin.(*Context).Next(...)
	D:/goproject/pkg/mod/github.com/gin-gonic/gin@v1.10.0/context.go:185
github.com/gin-gonic/gin.CustomRecoveryWithWriter.func1(0xc00024e200)
	D:/goproject/pkg/mod/github.com/gin-gonic/gin@v1.10.0/recovery.go:102 +0x7a
github.com/gin-gonic/gin.(*Context).Next(...)
	D:/goproject/pkg/mod/github.com/gin-gonic/gin@v1.10.0/context.go:185
github.com/gin-gonic/gin.LoggerWithConfig.func1(0xc00024e200)
	D:/goproject/pkg/mod/github.com/gin-gonic/gin@v1.10.0/logger.go:249 +0xe6
github.com/gin-gonic/gin.(*Context).Next(...)
	D:/goproject/pkg/mod/github.com/gin-gonic/gin@v1.10.0/context.go:185
github.com/gin-gonic/gin.(*Engine).handleHTTPRequest(0xc0002481a0, 0xc00024e200)
	D:/goproject/pkg/mod/github.com/gin-gonic/gin@v1.10.0/gin.go:633 +0x892
github.com/gin-gonic/gin.(*Engine).ServeHTTP(0xc0002481a0, {0x13ea500?, 0xc00025c0e0}, 0xc00024e100)
	D:/goproject/pkg/mod/github.com/gin-gonic/gin@v1.10.0/gin.go:589 +0x1dd
net/http.serverHandler.ServeHTTP({0xc000236570?}, {0x13ea500?, 0xc00025c0e0?}, 0x6?)
	D:/go sdk/go/src/net/http/server.go:2938 +0x8e
net/http.(*conn).serve(0xc0000e22d0, {0x13eb588, 0xc000236510})
	D:/go sdk/go/src/net/http/server.go:2009 +0x5f4
created by net/http.(*Server).Serve in goroutine 1
	D:/go sdk/go/src/net/http/server.go:3086 +0x5cb

panic error time:2024-08-10 16:25:39
i/o timeout
stacktrace from panic:goroutine 9 [running]:
runtime/debug.Stack()
	D:/go sdk/go/src/runtime/debug/stack.go:24 +0x5e
vote-gin/pkg/logger.Recover.func1()
	D:/GitHubwarehouse/vote-gin/pkg/logger/logger.go:139 +0x28a
panic({0x123f200?, 0x18c1520?})
	D:/go sdk/go/src/runtime/panic.go:914 +0x21f
vote-gin/controllers.PlayerController.GetRanking({}, 0xc00024e298?)
	D:/GitHubwarehouse/vote-gin/controllers/player.go:30 +0x646
github.com/gin-gonic/gin.(*Context).Next(0xc00024e200)
	D:/goproject/pkg/mod/github.com/gin-gonic/gin@v1.10.0/context.go:185 +0x2b
vote-gin/router.Router.Sessions.func1(0xc00024e200)
	D:/goproject/pkg/mod/github.com/gin-contrib/sessions@v1.0.1/sessions.go:54 +0x17d
github.com/gin-gonic/gin.(*Context).Next(...)
	D:/goproject/pkg/mod/github.com/gin-gonic/gin@v1.10.0/context.go:185
vote-gin/pkg/logger.Recover(0xc00024e200)
	D:/GitHubwarehouse/vote-gin/pkg/logger/logger.go:149 +0x62
github.com/gin-gonic/gin.(*Context).Next(...)
	D:/goproject/pkg/mod/github.com/gin-gonic/gin@v1.10.0/context.go:185
github.com/gin-gonic/gin.LoggerWithConfig.func1(0xc00024e200)
	D:/goproject/pkg/mod/github.com/gin-gonic/gin@v1.10.0/logger.go:249 +0xe6
github.com/gin-gonic/gin.(*Context).Next(...)
	D:/goproject/pkg/mod/github.com/gin-gonic/gin@v1.10.0/context.go:185
github.com/gin-gonic/gin.CustomRecoveryWithWriter.func1(0xc00024e200)
	D:/goproject/pkg/mod/github.com/gin-gonic/gin@v1.10.0/recovery.go:102 +0x7a
github.com/gin-gonic/gin.(*Context).Next(...)
	D:/goproject/pkg/mod/github.com/gin-gonic/gin@v1.10.0/context.go:185
github.com/gin-gonic/gin.LoggerWithConfig.func1(0xc00024e200)
	D:/goproject/pkg/mod/github.com/gin-gonic/gin@v1.10.0/logger.go:249 +0xe6
github.com/gin-gonic/gin.(*Context).Next(...)
	D:/goproject/pkg/mod/github.com/gin-gonic/gin@v1.10.0/context.go:185
github.com/gin-gonic/gin.(*Engine).handleHTTPRequest(0xc0002481a0, 0xc00024e200)
	D:/goproject/pkg/mod/github.com/gin-gonic/gin@v1.10.0/gin.go:633 +0x892
github.com/gin-gonic/gin.(*Engine).ServeHTTP(0xc0002481a0, {0x13ea500?, 0xc00025c1c0}, 0xc00024e300)
	D:/goproject/pkg/mod/github.com/gin-gonic/gin@v1.10.0/gin.go:589 +0x1dd
net/http.serverHandler.ServeHTTP({0xc000236570?}, {0x13ea500?, 0xc00025c1c0?}, 0x6?)
	D:/go sdk/go/src/net/http/server.go:2938 +0x8e
net/http.(*conn).serve(0xc0000e22d0, {0x13eb588, 0xc000236510})
	D:/go sdk/go/src/net/http/server.go:2009 +0x5f4
created by net/http.(*Server).Serve in goroutine 1
	D:/go sdk/go/src/net/http/server.go:3086 +0x5cb

panic error time:2024-08-10 16:25:47
i/o timeout
stacktrace from panic:goroutine 9 [running]:
runtime/debug.Stack()
	D:/go sdk/go/src/runtime/debug/stack.go:24 +0x5e
vote-gin/pkg/logger.Recover.func1()
	D:/GitHubwarehouse/vote-gin/pkg/logger/logger.go:139 +0x28a
panic({0x123f200?, 0x18c1520?})
	D:/go sdk/go/src/runtime/panic.go:914 +0x21f
vote-gin/controllers.PlayerController.GetRanking({}, 0xc000292198?)
	D:/GitHubwarehouse/vote-gin/controllers/player.go:30 +0x646
github.com/gin-gonic/gin.(*Context).Next(0xc000292100)
	D:/goproject/pkg/mod/github.com/gin-gonic/gin@v1.10.0/context.go:185 +0x2b
vote-gin/router.Router.Sessions.func1(0xc000292100)
	D:/goproject/pkg/mod/github.com/gin-contrib/sessions@v1.0.1/sessions.go:54 +0x17d
github.com/gin-gonic/gin.(*Context).Next(...)
	D:/goproject/pkg/mod/github.com/gin-gonic/gin@v1.10.0/context.go:185
vote-gin/pkg/logger.Recover(0xc000292100)
	D:/GitHubwarehouse/vote-gin/pkg/logger/logger.go:149 +0x62
github.com/gin-gonic/gin.(*Context).Next(...)
	D:/goproject/pkg/mod/github.com/gin-gonic/gin@v1.10.0/context.go:185
github.com/gin-gonic/gin.LoggerWithConfig.func1(0xc000292100)
	D:/goproject/pkg/mod/github.com/gin-gonic/gin@v1.10.0/logger.go:249 +0xe6
github.com/gin-gonic/gin.(*Context).Next(...)
	D:/goproject/pkg/mod/github.com/gin-gonic/gin@v1.10.0/context.go:185
github.com/gin-gonic/gin.CustomRecoveryWithWriter.func1(0xc000292100)
	D:/goproject/pkg/mod/github.com/gin-gonic/gin@v1.10.0/recovery.go:102 +0x7a
github.com/gin-gonic/gin.(*Context).Next(...)
	D:/goproject/pkg/mod/github.com/gin-gonic/gin@v1.10.0/context.go:185
github.com/gin-gonic/gin.LoggerWithConfig.func1(0xc000292100)
	D:/goproject/pkg/mod/github.com/gin-gonic/gin@v1.10.0/logger.go:249 +0xe6
github.com/gin-gonic/gin.(*Context).Next(...)
	D:/goproject/pkg/mod/github.com/gin-gonic/gin@v1.10.0/context.go:185
github.com/gin-gonic/gin.(*Engine).handleHTTPRequest(0xc0002481a0, 0xc000292100)
	D:/goproject/pkg/mod/github.com/gin-gonic/gin@v1.10.0/gin.go:633 +0x892
github.com/gin-gonic/gin.(*Engine).ServeHTTP(0xc0002481a0, {0x13ea500?, 0xc0002a8000}, 0xc000292000)
	D:/goproject/pkg/mod/github.com/gin-gonic/gin@v1.10.0/gin.go:589 +0x1dd
net/http.serverHandler.ServeHTTP({0x13e8e28?}, {0x13ea500?, 0xc0002a8000?}, 0x6?)
	D:/go sdk/go/src/net/http/server.go:2938 +0x8e
net/http.(*conn).serve(0xc0000e22d0, {0x13eb588, 0xc000236510})
	D:/go sdk/go/src/net/http/server.go:2009 +0x5f4
created by net/http.(*Server).Serve in goroutine 1
	D:/go sdk/go/src/net/http/server.go:3086 +0x5cb

